2025-12-07T15:07:29.547+05:30  INFO 7796 --- [restartedMain] c.e.S.SimpleProjectApplication           : Starting SimpleProjectApplication using Java 24.0.1 with PID 7796 (D:\Java Programs\SimpleProject\target\classes started by kadam in D:\Java Programs\SimpleProject)
2025-12-07T15:07:29.558+05:30  INFO 7796 --- [restartedMain] c.e.S.SimpleProjectApplication           : No active profile set, falling back to 1 default profile: "default"
2025-12-07T15:07:29.684+05:30  INFO 7796 --- [restartedMain] .e.DevToolsPropertyDefaultsPostProcessor : Devtools property defaults active! Set 'spring.devtools.add-properties' to 'false' to disable
2025-12-07T15:07:29.684+05:30  INFO 7796 --- [restartedMain] .e.DevToolsPropertyDefaultsPostProcessor : For additional web related logging consider setting the 'logging.level.web' property to 'DEBUG'
2025-12-07T15:07:31.525+05:30  INFO 7796 --- [restartedMain] .s.d.r.c.RepositoryConfigurationDelegate : Bootstrapping Spring Data JPA repositories in DEFAULT mode.
2025-12-07T15:07:31.679+05:30  INFO 7796 --- [restartedMain] .s.d.r.c.RepositoryConfigurationDelegate : Finished Spring Data repository scanning in 131 ms. Found 1 JPA repository interface.
2025-12-07T15:07:33.775+05:30  INFO 7796 --- [restartedMain] o.s.b.w.embedded.tomcat.TomcatWebServer  : Tomcat initialized with port 8080 (http)
2025-12-07T15:07:33.818+05:30  INFO 7796 --- [restartedMain] o.apache.catalina.core.StandardService   : Starting service [Tomcat]
2025-12-07T15:07:33.820+05:30  INFO 7796 --- [restartedMain] o.apache.catalina.core.StandardEngine    : Starting Servlet engine: [Apache Tomcat/10.1.43]
2025-12-07T15:07:34.299+05:30  INFO 7796 --- [restartedMain] org.apache.jasper.servlet.TldScanner     : At least one JAR was scanned for TLDs yet contained no TLDs. Enable debug logging for this logger for a complete list of JARs that were scanned but no TLDs were found in them. Skipping unneeded JARs during scanning can improve startup time and JSP compilation time.
2025-12-07T15:07:34.315+05:30  INFO 7796 --- [restartedMain] o.a.c.c.C.[Tomcat].[localhost].[/]       : Initializing Spring embedded WebApplicationContext
2025-12-07T15:07:34.316+05:30  INFO 7796 --- [restartedMain] w.s.c.ServletWebServerApplicationContext : Root WebApplicationContext: initialization completed in 4630 ms
2025-12-07T15:07:35.013+05:30  INFO 7796 --- [restartedMain] o.hibernate.jpa.internal.util.LogHelper  : HHH000204: Processing PersistenceUnitInfo [name: default]
2025-12-07T15:07:35.208+05:30  INFO 7796 --- [restartedMain] org.hibernate.Version                    : HHH000412: Hibernate ORM core version 6.6.22.Final
2025-12-07T15:07:35.306+05:30  INFO 1992 --- [restartedMain] c.e.S.SimpleProjectApplication           : Starting SimpleProjectApplication using Java 24.0.1 with PID 1992 (D:\Java Programs\SimpleProject\target\classes started by kadam in D:\Java Programs\SimpleProject)
2025-12-07T15:07:35.312+05:30  INFO 1992 --- [restartedMain] c.e.S.SimpleProjectApplication           : No active profile set, falling back to 1 default profile: "default"
2025-12-07T15:07:35.319+05:30  INFO 7796 --- [restartedMain] o.h.c.internal.RegionFactoryInitiator    : HHH000026: Second-level cache disabled
2025-12-07T15:07:35.510+05:30  INFO 1992 --- [restartedMain] .e.DevToolsPropertyDefaultsPostProcessor : Devtools property defaults active! Set 'spring.devtools.add-properties' to 'false' to disable
2025-12-07T15:07:35.512+05:30  INFO 1992 --- [restartedMain] .e.DevToolsPropertyDefaultsPostProcessor : For additional web related logging consider setting the 'logging.level.web' property to 'DEBUG'
2025-12-07T15:07:36.262+05:30  INFO 7796 --- [restartedMain] o.s.o.j.p.SpringPersistenceUnitInfo      : No LoadTimeWeaver setup: ignoring JPA class transformer
2025-12-07T15:07:36.351+05:30  INFO 7796 --- [restartedMain] com.zaxxer.hikari.HikariDataSource       : HikariPool-1 - Starting...
2025-12-07T15:07:36.812+05:30  INFO 7796 --- [restartedMain] com.zaxxer.hikari.pool.HikariPool        : HikariPool-1 - Added connection org.postgresql.jdbc.PgConnection@679a0412
2025-12-07T15:07:36.816+05:30  INFO 7796 --- [restartedMain] com.zaxxer.hikari.HikariDataSource       : HikariPool-1 - Start completed.
2025-12-07T15:07:36.915+05:30  WARN 7796 --- [restartedMain] org.hibernate.orm.deprecation            : HHH90000025: PostgreSQLDialect does not need to be specified explicitly using 'hibernate.dialect' (remove the property setting and it will be selected by default)
2025-12-07T15:07:36.966+05:30  INFO 7796 --- [restartedMain] org.hibernate.orm.connections.pooling    : HHH10001005: Database info:
	Database JDBC URL [Connecting through datasource 'HikariDataSource (HikariPool-1)']
	Database driver: undefined/unknown
	Database version: 18.1
	Autocommit mode: undefined/unknown
	Isolation level: undefined/unknown
	Minimum pool size: undefined/unknown
	Maximum pool size: undefined/unknown
2025-12-07T15:07:37.268+05:30  INFO 1992 --- [restartedMain] .s.d.r.c.RepositoryConfigurationDelegate : Bootstrapping Spring Data JPA repositories in DEFAULT mode.
2025-12-07T15:07:37.453+05:30  INFO 1992 --- [restartedMain] .s.d.r.c.RepositoryConfigurationDelegate : Finished Spring Data repository scanning in 147 ms. Found 1 JPA repository interface.
2025-12-07T15:07:39.060+05:30  INFO 7796 --- [restartedMain] o.h.e.t.j.p.i.JtaPlatformInitiator       : HHH000489: No JTA platform available (set 'hibernate.transaction.jta.platform' to enable JTA platform integration)
2025-12-07T15:07:39.282+05:30  INFO 7796 --- [restartedMain] j.LocalContainerEntityManagerFactoryBean : Initialized JPA EntityManagerFactory for persistence unit 'default'
2025-12-07T15:07:39.880+05:30  INFO 1992 --- [restartedMain] o.s.b.w.embedded.tomcat.TomcatWebServer  : Tomcat initialized with port 8080 (http)
2025-12-07T15:07:39.931+05:30  INFO 1992 --- [restartedMain] o.apache.catalina.core.StandardService   : Starting service [Tomcat]
2025-12-07T15:07:39.932+05:30  INFO 1992 --- [restartedMain] o.apache.catalina.core.StandardEngine    : Starting Servlet engine: [Apache Tomcat/10.1.43]
2025-12-07T15:07:40.583+05:30  INFO 1992 --- [restartedMain] org.apache.jasper.servlet.TldScanner     : At least one JAR was scanned for TLDs yet contained no TLDs. Enable debug logging for this logger for a complete list of JARs that were scanned but no TLDs were found in them. Skipping unneeded JARs during scanning can improve startup time and JSP compilation time.
2025-12-07T15:07:40.603+05:30  INFO 1992 --- [restartedMain] o.a.c.c.C.[Tomcat].[localhost].[/]       : Initializing Spring embedded WebApplicationContext
2025-12-07T15:07:40.604+05:30  INFO 1992 --- [restartedMain] w.s.c.ServletWebServerApplicationContext : Root WebApplicationContext: initialization completed in 5089 ms
2025-12-07T15:07:40.793+05:30  WARN 7796 --- [restartedMain] JpaBaseConfiguration$JpaWebConfiguration : spring.jpa.open-in-view is enabled by default. Therefore, database queries may be performed during view rendering. Explicitly configure spring.jpa.open-in-view to disable this warning
2025-12-07T15:07:41.257+05:30  INFO 1992 --- [restartedMain] o.hibernate.jpa.internal.util.LogHelper  : HHH000204: Processing PersistenceUnitInfo [name: default]
2025-12-07T15:07:41.386+05:30  INFO 1992 --- [restartedMain] org.hibernate.Version                    : HHH000412: Hibernate ORM core version 6.6.22.Final
2025-12-07T15:07:41.461+05:30  INFO 1992 --- [restartedMain] o.h.c.internal.RegionFactoryInitiator    : HHH000026: Second-level cache disabled
2025-12-07T15:07:41.897+05:30  INFO 7796 --- [restartedMain] o.s.b.d.a.OptionalLiveReloadServer       : LiveReload server is running on port 35729
2025-12-07T15:07:41.997+05:30  INFO 7796 --- [restartedMain] o.s.b.w.embedded.tomcat.TomcatWebServer  : Tomcat started on port 8080 (http) with context path '/'
2025-12-07T15:07:42.018+05:30  INFO 7796 --- [restartedMain] c.e.S.SimpleProjectApplication           : Started SimpleProjectApplication in 13.585 seconds (process running for 15.046)
2025-12-07T15:07:42.202+05:30  INFO 1992 --- [restartedMain] o.s.o.j.p.SpringPersistenceUnitInfo      : No LoadTimeWeaver setup: ignoring JPA class transformer
2025-12-07T15:07:42.279+05:30  INFO 1992 --- [restartedMain] com.zaxxer.hikari.HikariDataSource       : HikariPool-1 - Starting...
2025-12-07T15:07:42.753+05:30  INFO 1992 --- [restartedMain] com.zaxxer.hikari.pool.HikariPool        : HikariPool-1 - Added connection org.postgresql.jdbc.PgConnection@2373cbb1
2025-12-07T15:07:42.757+05:30  INFO 1992 --- [restartedMain] com.zaxxer.hikari.HikariDataSource       : HikariPool-1 - Start completed.
2025-12-07T15:07:42.832+05:30  WARN 1992 --- [restartedMain] org.hibernate.orm.deprecation            : HHH90000025: PostgreSQLDialect does not need to be specified explicitly using 'hibernate.dialect' (remove the property setting and it will be selected by default)
2025-12-07T15:07:42.880+05:30  INFO 1992 --- [restartedMain] org.hibernate.orm.connections.pooling    : HHH10001005: Database info:
	Database JDBC URL [Connecting through datasource 'HikariDataSource (HikariPool-1)']
	Database driver: undefined/unknown
	Database version: 18.1
	Autocommit mode: undefined/unknown
	Isolation level: undefined/unknown
	Minimum pool size: undefined/unknown
	Maximum pool size: undefined/unknown
2025-12-07T15:07:44.249+05:30  INFO 7796 --- [SpringApplicationShutdownHook] o.s.b.w.e.tomcat.GracefulShutdown        : Commencing graceful shutdown. Waiting for active requests to complete
2025-12-07T15:07:44.271+05:30  INFO 7796 --- [tomcat-shutdown] o.s.b.w.e.tomcat.GracefulShutdown        : Graceful shutdown complete
2025-12-07T15:07:44.278+05:30  INFO 7796 --- [SpringApplicationShutdownHook] j.LocalContainerEntityManagerFactoryBean : Closing JPA EntityManagerFactory for persistence unit 'default'
2025-12-07T15:07:44.285+05:30  INFO 7796 --- [SpringApplicationShutdownHook] com.zaxxer.hikari.HikariDataSource       : HikariPool-1 - Shutdown initiated...
2025-12-07T15:07:44.294+05:30  INFO 7796 --- [SpringApplicationShutdownHook] com.zaxxer.hikari.HikariDataSource       : HikariPool-1 - Shutdown completed.
2025-12-07T15:07:44.712+05:30  INFO 1992 --- [restartedMain] o.h.e.t.j.p.i.JtaPlatformInitiator       : HHH000489: No JTA platform available (set 'hibernate.transaction.jta.platform' to enable JTA platform integration)
2025-12-07T15:07:44.825+05:30  INFO 1992 --- [restartedMain] j.LocalContainerEntityManagerFactoryBean : Initialized JPA EntityManagerFactory for persistence unit 'default'
